<?xml version="1.0" encoding="UTF-8"?>
<testng-results ignored="0" total="3" passed="3" failed="0" skipped="0">
  <reporter-output>
  </reporter-output>
  <suite started-at="2022-04-04T10:03:56 EDT" name="ShopClues Testing" finished-at="2022-04-04T10:06:13 EDT" duration-ms="137370">
    <groups>
      <group name="Group1">
        <method signature="ShopCluesTC.scenario1(java.lang.String)[pri:0, instance:testCases.ShopCluesTC@13e39c73]" name="scenario1" class="testCases.ShopCluesTC"/>
        <method signature="ShopCluesTC.scenario2()[pri:1, instance:testCases.ShopCluesTC@13e39c73]" name="scenario2" class="testCases.ShopCluesTC"/>
      </group> <!-- Group1 -->
      <group name="Using Robot Class">
        <method signature="ShopCluesTC.scenario3(java.lang.String)[pri:2, instance:testCases.ShopCluesTC@13e39c73]" name="scenario3" class="testCases.ShopCluesTC"/>
      </group> <!-- Using Robot Class -->
    </groups>
    <test started-at="2022-04-04T10:03:56 EDT" name="Chrome-Test" finished-at="2022-04-04T10:06:13 EDT" duration-ms="137370">
      <class name="testCases.ShopCluesTC">
        <test-method signature="scenario1(java.lang.String)[pri:0, instance:testCases.ShopCluesTC@13e39c73]" started-at="2022-04-04T10:03:56 EDT" name="scenario1" finished-at="2022-04-04T10:05:12 EDT" duration-ms="76505" status="PASS">
          <params>
            <param index="0">
              <value>
                <![CDATA[Chrome]]>
              </value>
            </param>
          </params>
          <reporter-output>
          </reporter-output>
        </test-method> <!-- scenario1 -->
        <test-method signature="scenario2()[pri:1, instance:testCases.ShopCluesTC@13e39c73]" started-at="2022-04-04T10:05:12 EDT" name="scenario2" finished-at="2022-04-04T10:05:42 EDT" duration-ms="29696" status="PASS">
          <reporter-output>
          </reporter-output>
        </test-method> <!-- scenario2 -->
        <test-method signature="scenario3(java.lang.String)[pri:2, instance:testCases.ShopCluesTC@13e39c73]" started-at="2022-04-04T10:05:42 EDT" name="scenario3" finished-at="2022-04-04T10:06:13 EDT" duration-ms="31037" status="PASS">
          <params>
            <param index="0">
              <value>
                <![CDATA[Chrome]]>
              </value>
            </param>
          </params>
          <reporter-output>
          </reporter-output>
        </test-method> <!-- scenario3 -->
      </class> <!-- testCases.ShopCluesTC -->
    </test> <!-- Chrome-Test -->
  </suite> <!-- ShopClues Testing -->
</testng-results>
