<?xml version="1.0" encoding="UTF-8"?>
<!-- Generated by org.testng.reporters.JUnitXMLReporter -->
<testsuite ignored="0" hostname="LAPTOP-N3KE276P" failures="0" tests="3" name="Chrome-Test" time="137.37" errors="0" timestamp="2022-04-04T10:06:13 EDT">
  <testcase classname="testCases.ShopCluesTC" name="scenario1" time="76.505"/>
  <testcase classname="testCases.ShopCluesTC" name="scenario2" time="29.696"/>
  <testcase classname="testCases.ShopCluesTC" name="scenario3" time="31.037"/>
</testsuite> <!-- Chrome-Test -->
